<?xml version="1.0" encoding="UTF-8"?>
<!-- Generated by org.testng.reporters.JUnitXMLReporter -->
<testsuite ignored="0" hostname="LAPTOP-MM2SMBKA" failures="1" tests="1" name="Test" time="23.837" errors="0" timestamp="2025-03-05T20:24:24 IST">
  <testcase classname="testscripts.Qalegendproducts" name="addNewUnit" time="13.185">
    <failure type="java.lang.NullPointerException" message="Cannot invoke &amp;quot;org.openqa.selenium.WebDriver.manage()&amp;quot; because &amp;quot;this.driver&amp;quot; is null">
      <![CDATA[java.lang.NullPointerException: Cannot invoke "org.openqa.selenium.WebDriver.manage()" because "this.driver" is null
at testscripts.Qalegendproducts.addNewUnit(Qalegendproducts.java:24)
at java.base/java.util.ArrayList.forEach(ArrayList.java:1596)
... Removed 25 stack frames]]>
    </failure>
  </testcase> <!-- addNewUnit -->
</testsuite> <!-- Test -->
