<?xml version="1.0" encoding="UTF-8"?>
<!-- Generated by org.testng.reporters.JUnitXMLReporter -->
<testsuite ignored="2" hostname="LAPTOP-MM2SMBKA" failures="0" tests="1" name="Test" time="35.21" errors="0" timestamp="2025-03-04T21:05:34 IST">
  <testcase classname="testscripts.Qalegendcontacts" name="createNewSupplier" time="24.809"/>
  <testcase classname="testscripts.Qalegendcontacts" name="addNewSalesCommissionAgents" time="0.0">
    <ignored/>
  </testcase> <!-- addNewSalesCommissionAgents -->
  <testcase classname="testscripts.Qalegendcontacts" name="createNewCustomer" time="0.0">
    <ignored/>
  </testcase> <!-- createNewCustomer -->
</testsuite> <!-- Test -->
