<?xml version="1.0" encoding="UTF-8"?>
<testng-results ignored="0" total="1" passed="1" failed="0" skipped="0">
  <reporter-output>
  </reporter-output>
  <suite started-at="2025-03-04T21:04:55 IST" name="Suite" finished-at="2025-03-04T21:05:30 IST" duration-ms="35210">
    <groups>
    </groups>
    <test started-at="2025-03-04T21:04:55 IST" name="Test" finished-at="2025-03-04T21:05:30 IST" duration-ms="35210">
      <class name="testscripts.Qalegendcontacts">
        <test-method is-config="true" signature="browserInitialization()[pri:0, instance:testscripts.Qalegendcontacts@2b175c00]" started-at="2025-03-04T21:04:55 IST" name="browserInitialization" finished-at="2025-03-04T21:05:05 IST" duration-ms="10254" status="PASS">
          <reporter-output>
          </reporter-output>
        </test-method> <!-- browserInitialization -->
        <test-method signature="createNewSupplier()[pri:0, instance:testscripts.Qalegendcontacts@2b175c00]" started-at="2025-03-04T21:05:05 IST" name="createNewSupplier" finished-at="2025-03-04T21:05:30 IST" duration-ms="24809" status="PASS">
          <reporter-output>
          </reporter-output>
        </test-method> <!-- createNewSupplier -->
      </class> <!-- testscripts.Qalegendcontacts -->
    </test> <!-- Test -->
  </suite> <!-- Suite -->
</testng-results>
